{"failedCount":2,"prefixedPath":"src\/test\/java\/tests\/Features\/ConfigDemo.feature","packageQualifiedName":"src.test.java.tests.Features.ConfigDemo","loopIndex":-1,"relativePath":"src\/test\/java\/tests\/Features\/ConfigDemo.feature","scenarioResults":[{"sectionIndex":0,"stepResults":[{"result":{"nanos":130393800,"millis":130.3938,"status":"passed"},"step":{"background":true,"line":5,"prefix":"*","index":0,"text":"url \"C:\\Users\\olatu\\IdeaProjects\\karateProject\\src\\test\\java\\karate-config.js\""}},{"result":{"nanos":875000,"millis":0.875,"status":"passed"},"step":{"background":true,"line":6,"prefix":"*","index":1,"text":"header Accept = 'application\/json'"}},{"result":{"nanos":67897800,"errorMessage":"js failed:\n>>>>\n01: karate.log('[print]',name)\n<<<<\norg.graalvm.polyglot.PolyglotException: ReferenceError: \"name\" is not defined\n- <js>.:program(Unnamed:1)\n\nsrc\/test\/java\/tests\/Features\/ConfigDemo.feature:9","millis":67.8978,"status":"failed"},"step":{"line":9,"prefix":"Given","index":0,"text":"print name"},"stepLog":"12:25:01.067 src\/test\/java\/tests\/Features\/ConfigDemo.feature:9\nGiven print name\njs failed:\n>>>>\n01: karate.log('[print]',name)\n<<<<\norg.graalvm.polyglot.PolyglotException: ReferenceError: \"name\" is not defined\n- <js>.:program(Unnamed:1)\n\nsrc\/test\/java\/tests\/Features\/ConfigDemo.feature:9\n"}],"line":8,"description":"","durationMillis":199.1666,"failed":true,"error":"js failed:\n>>>>\n01: karate.log('[print]',name)\n<<<<\norg.graalvm.polyglot.PolyglotException: ReferenceError: \"name\" is not defined\n- <js>.:program(Unnamed:1)\n\nsrc\/test\/java\/tests\/Features\/ConfigDemo.feature:9","tags":["apiTest"],"executorName":"main","name":"Config demo 1","startTime":1650108300856,"refId":"[1:8]","endTime":1650108301067,"exampleIndex":-1},{"sectionIndex":1,"stepResults":[{"result":{"nanos":804600,"millis":0.8046,"status":"passed"},"step":{"background":true,"line":5,"prefix":"*","index":0,"text":"url \"C:\\Users\\olatu\\IdeaProjects\\karateProject\\src\\test\\java\\karate-config.js\""}},{"result":{"nanos":427000,"millis":0.427,"status":"passed"},"step":{"background":true,"line":6,"prefix":"*","index":1,"text":"header Accept = 'application\/json'"}},{"result":{"nanos":897100,"millis":0.8971,"status":"passed"},"step":{"line":13,"prefix":"Given","index":0,"text":"path \"\/users?page=2\""}},{"result":{"nanos":4242400,"errorMessage":"java.net.URISyntaxException: Illegal character in opaque part at index 40: C:UsersolatuIdeaProjectskarateProjectsrc\testjavakarate-config.js\nsrc\/test\/java\/tests\/Features\/ConfigDemo.feature:14","millis":4.2424,"status":"failed"},"step":{"line":14,"prefix":"When","index":1,"text":"method GET"},"stepLog":"12:25:01.083 src\/test\/java\/tests\/Features\/ConfigDemo.feature:14\nWhen method GET\njava.net.URISyntaxException: Illegal character in opaque part at index 40: C:UsersolatuIdeaProjectskarateProjectsrc\testjavakarate-config.js\nsrc\/test\/java\/tests\/Features\/ConfigDemo.feature:14\n"},{"result":{"nanos":0,"millis":0.0,"status":"skipped"},"step":{"line":15,"prefix":"Then","index":2,"text":"status 200"}},{"result":{"nanos":0,"millis":0.0,"status":"skipped"},"step":{"line":16,"prefix":"And","index":3,"text":"print response"}}],"line":12,"description":"","durationMillis":6.3711,"failed":true,"error":"java.net.URISyntaxException: Illegal character in opaque part at index 40: C:UsersolatuIdeaProjectskarateProjectsrc\testjavakarate-config.js\nsrc\/test\/java\/tests\/Features\/ConfigDemo.feature:14","tags":["apiTest"],"executorName":"main","name":"Get API method 1 - Using karate config file","startTime":1650108301083,"refId":"[2:12]","endTime":1650108301083,"exampleIndex":-1}],"callDepth":0,"name":"Config file karate demo","description":"","resultDate":"2022-04-16 12:25:01 PM","durationMillis":205.5377,"passedCount":0}